<?xml version="1.0" encoding="UTF-8"?>
<testsuite xmlns:xsi="http://www.w3.org/2001/XMLSchema-instance" xsi:noNamespaceSchemaLocation="https://maven.apache.org/surefire/maven-surefire-plugin/xsd/surefire-test-report-3.0.xsd" version="3.0" name="functions.AppTest" time="0.036" tests="1" errors="0" skipped="0" failures="0">
  <properties>
    <property name="java.specification.version" value="17"/>
    <property name="sun.cpu.isalist" value="amd64"/>
    <property name="sun.jnu.encoding" value="Cp1252"/>
    <property name="java.class.path" value="D:\Java\shortestPath\target\test-classes;D:\Java\shortestPath\target\classes;C:\Users\jaber\.m2\repository\org\neo4j\neo4j\5.9.0\neo4j-5.9.0.jar;C:\Users\jaber\.m2\repository\org\neo4j\annotations\5.9.0\annotations-5.9.0.jar;C:\Users\jaber\.m2\repository\org\eclipse\collections\eclipse-collections\11.1.0\eclipse-collections-11.1.0.jar;C:\Users\jaber\.m2\repository\org\eclipse\collections\eclipse-collections-api\11.1.0\eclipse-collections-api-11.1.0.jar;C:\Users\jaber\.m2\repository\org\apache\commons\commons-lang3\3.12.0\commons-lang3-3.12.0.jar;C:\Users\jaber\.m2\repository\org\neo4j\neo4j-kernel\5.9.0\neo4j-kernel-5.9.0.jar;C:\Users\jaber\.m2\repository\org\neo4j\neo4j-native\5.9.0\neo4j-native-5.9.0.jar;C:\Users\jaber\.m2\repository\net\java\dev\jna\jna\5.13.0\jna-5.13.0.jar;C:\Users\jaber\.m2\repository\org\neo4j\neo4j-graphdb-api\5.9.0\neo4j-graphdb-api-5.9.0.jar;C:\Users\jaber\.m2\repository\org\neo4j\neo4j-kernel-api\5.9.0\neo4j-kernel-api-5.9.0.jar;C:\Users\jaber\.m2\repository\org\neo4j\neo4j-monitoring\5.9.0\neo4j-monitoring-5.9.0.jar;C:\Users\jaber\.m2\repository\org\neo4j\neo4j-diagnostics\5.9.0\neo4j-diagnostics-5.9.0.jar;C:\Users\jaber\.m2\repository\org\neo4j\neo4j-schema\5.9.0\neo4j-schema-5.9.0.jar;C:\Users\jaber\.m2\repository\org\neo4j\neo4j-lock\5.9.0\neo4j-lock-5.9.0.jar;C:\Users\jaber\.m2\repository\org\neo4j\neo4j-token-api\5.9.0\neo4j-token-api-5.9.0.jar;C:\Users\jaber\.m2\repository\org\neo4j\neo4j-storage-engine-util\5.9.0\neo4j-storage-engine-util-5.9.0.jar;C:\Users\jaber\.m2\repository\org\neo4j\neo4j-common\5.9.0\neo4j-common-5.9.0.jar;C:\Users\jaber\.m2\repository\org\lz4\lz4-java\1.8.0\lz4-java-1.8.0.jar;C:\Users\jaber\.m2\repository\org\neo4j\neo4j-values\5.9.0\neo4j-values-5.9.0.jar;C:\Users\jaber\.m2\repository\org\neo4j\neo4j-unsafe\5.9.0\neo4j-unsafe-5.9.0.jar;C:\Users\jaber\.m2\repository\org\neo4j\neo4j-collections\5.9.0\neo4j-collections-5.9.0.jar;C:\Users\jaber\.m2\repository\com\github\ben-manes\caffeine\caffeine\3.1.6\caffeine-3.1.6.jar;C:\Users\jaber\.m2\repository\org\neo4j\neo4j-io\5.9.0\neo4j-io-5.9.0.jar;C:\Users\jaber\.m2\repository\org\neo4j\neo4j-concurrent\5.9.0\neo4j-concurrent-5.9.0.jar;C:\Users\jaber\.m2\repository\org\neo4j\neo4j-logging\5.9.0\neo4j-logging-5.9.0.jar;C:\Users\jaber\.m2\repository\org\codehaus\jettison\jettison\1.5.4\jettison-1.5.4.jar;C:\Users\jaber\.m2\repository\org\apache\logging\log4j\log4j-api\2.20.0\log4j-api-2.20.0.jar;C:\Users\jaber\.m2\repository\org\apache\logging\log4j\log4j-core\2.20.0\log4j-core-2.20.0.jar;C:\Users\jaber\.m2\repository\org\apache\logging\log4j\log4j-layout-template-json\2.20.0\log4j-layout-template-json-2.20.0.jar;C:\Users\jaber\.m2\repository\org\neo4j\neo4j-configuration\5.9.0\neo4j-configuration-5.9.0.jar;C:\Users\jaber\.m2\repository\com\github\seancfoley\ipaddress\5.4.0\ipaddress-5.4.0.jar;C:\Users\jaber\.m2\repository\org\neo4j\neo4j-layout\5.9.0\neo4j-layout-5.9.0.jar;C:\Users\jaber\.m2\repository\org\neo4j\neo4j-index\5.9.0\neo4j-index-5.9.0.jar;C:\Users\jaber\.m2\repository\org\neo4j\neo4j-spatial-index\5.9.0\neo4j-spatial-index-5.9.0.jar;C:\Users\jaber\.m2\repository\org\neo4j\neo4j-id-generator\5.9.0\neo4j-id-generator-5.9.0.jar;C:\Users\jaber\.m2\repository\org\neo4j\neo4j-wal\5.9.0\neo4j-wal-5.9.0.jar;C:\Users\jaber\.m2\repository\org\neo4j\neo4j-import-util\5.9.0\neo4j-import-util-5.9.0.jar;C:\Users\jaber\.m2\repository\org\neo4j\neo4j-csv\5.9.0\neo4j-csv-5.9.0.jar;C:\Users\jaber\.m2\repository\org\jctools\jctools-core\4.0.1\jctools-core-4.0.1.jar;C:\Users\jaber\.m2\repository\org\neo4j\neo4j-fabric\5.9.0\neo4j-fabric-5.9.0.jar;C:\Users\jaber\.m2\repository\org\neo4j\neo4j-front-end\5.9.0\neo4j-front-end-5.9.0.jar;C:\Users\jaber\.m2\repository\org\neo4j\neo4j-expressions\5.9.0\neo4j-expressions-5.9.0.jar;C:\Users\jaber\.m2\repository\org\neo4j\neo4j-cypher-macros\5.9.0\neo4j-cypher-macros-5.9.0.jar;C:\Users\jaber\.m2\repository\org\scala-lang\scala-reflect\2.13.10\scala-reflect-2.13.10.jar;C:\Users\jaber\.m2\repository\org\neo4j\neo4j-query-router\5.9.0\neo4j-query-router-5.9.0.jar;C:\Users\jaber\.m2\repository\org\neo4j\neo4j-procedure\5.9.0\neo4j-procedure-5.9.0.jar;C:\Users\jaber\.m2\repository\org\neo4j\neo4j-procedure-api\5.9.0\neo4j-procedure-api-5.9.0.jar;C:\Users\jaber\.m2\repository\org\neo4j\neo4j-codegen\5.9.0\neo4j-codegen-5.9.0.jar;C:\Users\jaber\.m2\repository\org\ow2\asm\asm-util\9.5\asm-util-9.5.jar;C:\Users\jaber\.m2\repository\org\ow2\asm\asm-analysis\9.5\asm-analysis-9.5.jar;C:\Users\jaber\.m2\repository\org\ow2\asm\asm-tree\9.5\asm-tree-9.5.jar;C:\Users\jaber\.m2\repository\org\neo4j\neo4j-cypher-expression-evaluator\5.9.0\neo4j-cypher-expression-evaluator-5.9.0.jar;C:\Users\jaber\.m2\repository\org\neo4j\neo4j-ast\5.9.0\neo4j-ast-5.9.0.jar;C:\Users\jaber\.m2\repository\org\neo4j\neo4j-cypher-ast-factory\5.9.0\neo4j-cypher-ast-factory-5.9.0.jar;C:\Users\jaber\.m2\repository\org\neo4j\cypher-ast-factory\5.9.0\cypher-ast-factory-5.9.0.jar;C:\Users\jaber\.m2\repository\com\fasterxml\jackson\core\jackson-databind\2.15.0\jackson-databind-2.15.0.jar;C:\Users\jaber\.m2\repository\com\fasterxml\jackson\core\jackson-annotations\2.15.0\jackson-annotations-2.15.0.jar;C:\Users\jaber\.m2\repository\org\neo4j\neo4j-lucene-index\5.9.0\neo4j-lucene-index-5.9.0.jar;C:\Users\jaber\.m2\repository\org\neo4j\neo4j-resource\5.9.0\neo4j-resource-5.9.0.jar;C:\Users\jaber\.m2\repository\org\apache\lucene\lucene-analysis-common\9.6.0\lucene-analysis-common-9.6.0.jar;C:\Users\jaber\.m2\repository\org\apache\lucene\lucene-core\9.6.0\lucene-core-9.6.0.jar;C:\Users\jaber\.m2\repository\org\apache\lucene\lucene-queryparser\9.6.0\lucene-queryparser-9.6.0.jar;C:\Users\jaber\.m2\repository\org\apache\lucene\lucene-backward-codecs\9.6.0\lucene-backward-codecs-9.6.0.jar;C:\Users\jaber\.m2\repository\org\neo4j\neo4j-fulltext-index\5.9.0\neo4j-fulltext-index-5.9.0.jar;C:\Users\jaber\.m2\repository\org\neo4j\neo4j-graph-algo\5.9.0\neo4j-graph-algo-5.9.0.jar;C:\Users\jaber\.m2\repository\org\neo4j\neo4j-cypher-runtime-util\5.9.0\neo4j-cypher-runtime-util-5.9.0.jar;C:\Users\jaber\.m2\repository\org\neo4j\neo4j-cypher-logical-plans\5.9.0\neo4j-cypher-logical-plans-5.9.0.jar;C:\Users\jaber\.m2\repository\org\neo4j\neo4j-data-collector\5.9.0\neo4j-data-collector-5.9.0.jar;C:\Users\jaber\.m2\repository\org\neo4j\neo4j-cypher-planner\5.9.0\neo4j-cypher-planner-5.9.0.jar;C:\Users\jaber\.m2\repository\org\apache\commons\commons-math3\3.6.1\commons-math3-3.6.1.jar;C:\Users\jaber\.m2\repository\org\scala-lang\modules\scala-collection-contrib_2.13\0.3.0\scala-collection-contrib_2.13-0.3.0.jar;C:\Users\jaber\.m2\repository\org\neo4j\neo4j-cypher-ir\5.9.0\neo4j-cypher-ir-5.9.0.jar;C:\Users\jaber\.m2\repository\org\neo4j\neo4j-cypher-javacc-parser\5.9.0\neo4j-cypher-javacc-parser-5.9.0.jar;C:\Users\jaber\.m2\repository\org\neo4j\neo4j-rewriting\5.9.0\neo4j-rewriting-5.9.0.jar;C:\Users\jaber\.m2\repository\org\neo4j\neo4j-cypher\5.9.0\neo4j-cypher-5.9.0.jar;C:\Users\jaber\.m2\repository\org\scala-lang\scala-library\2.13.10\scala-library-2.13.10.jar;C:\Users\jaber\.m2\repository\org\neo4j\neo4j-cypher-physical-planning\5.9.0\neo4j-cypher-physical-planning-5.9.0.jar;C:\Users\jaber\.m2\repository\org\neo4j\neo4j-exceptions\5.9.0\neo4j-exceptions-5.9.0.jar;C:\Users\jaber\.m2\repository\org\neo4j\neo4j-util\5.9.0\neo4j-util-5.9.0.jar;C:\Users\jaber\.m2\repository\org\neo4j\neo4j-cypher-config\5.9.0\neo4j-cypher-config-5.9.0.jar;C:\Users\jaber\.m2\repository\com\propensive\magnolia_2.13\0.17.0\magnolia_2.13-0.17.0.jar;C:\Users\jaber\.m2\repository\com\propensive\mercator_2.13\0.2.1\mercator_2.13-0.2.1.jar;C:\Users\jaber\.m2\repository\org\neo4j\neo4j-cypher-cache\5.9.0\neo4j-cypher-cache-5.9.0.jar;C:\Users\jaber\.m2\repository\org\neo4j\neo4j-cypher-planner-spi\5.9.0\neo4j-cypher-planner-spi-5.9.0.jar;C:\Users\jaber\.m2\repository\org\neo4j\neo4j-cypher-interpreted-runtime\5.9.0\neo4j-cypher-interpreted-runtime-5.9.0.jar;C:\Users\jaber\.m2\repository\org\neo4j\neo4j-cypher-slotted-runtime\5.9.0\neo4j-cypher-slotted-runtime-5.9.0.jar;C:\Users\jaber\.m2\repository\org\apache\shiro\shiro-core\1.11.0\shiro-core-1.11.0.jar;C:\Users\jaber\.m2\repository\org\apache\shiro\shiro-lang\1.11.0\shiro-lang-1.11.0.jar;C:\Users\jaber\.m2\repository\org\apache\shiro\shiro-cache\1.11.0\shiro-cache-1.11.0.jar;C:\Users\jaber\.m2\repository\org\apache\shiro\shiro-crypto-hash\1.11.0\shiro-crypto-hash-1.11.0.jar;C:\Users\jaber\.m2\repository\org\apache\shiro\shiro-crypto-core\1.11.0\shiro-crypto-core-1.11.0.jar;C:\Users\jaber\.m2\repository\org\apache\shiro\shiro-crypto-cipher\1.11.0\shiro-crypto-cipher-1.11.0.jar;C:\Users\jaber\.m2\repository\org\apache\shiro\shiro-config-core\1.11.0\shiro-config-core-1.11.0.jar;C:\Users\jaber\.m2\repository\org\apache\shiro\shiro-config-ogdl\1.11.0\shiro-config-ogdl-1.11.0.jar;C:\Users\jaber\.m2\repository\commons-beanutils\commons-beanutils\1.9.4\commons-beanutils-1.9.4.jar;C:\Users\jaber\.m2\repository\commons-collections\commons-collections\3.2.2\commons-collections-3.2.2.jar;C:\Users\jaber\.m2\repository\org\apache\shiro\shiro-event\1.11.0\shiro-event-1.11.0.jar;C:\Users\jaber\.m2\repository\org\bitbucket\inkytonik\kiama\kiama_2.13\2.5.0\kiama_2.13-2.5.0.jar;C:\Users\jaber\.m2\repository\org\neo4j\neo4j-security\5.9.0\neo4j-security-5.9.0.jar;C:\Users\jaber\.m2\repository\org\neo4j\neo4j-command-line\5.9.0\neo4j-command-line-5.9.0.jar;C:\Users\jaber\.m2\repository\info\picocli\picocli\4.7.3\picocli-4.7.3.jar;C:\Users\jaber\.m2\repository\org\neo4j\neo4j-bolt\5.9.0\neo4j-bolt-5.9.0.jar;C:\Users\jaber\.m2\repository\org\neo4j\neo4j-ssl\5.9.0\neo4j-ssl-5.9.0.jar;C:\Users\jaber\.m2\repository\org\neo4j\server-api\5.9.0\server-api-5.9.0.jar;C:\Users\jaber\.m2\repository\jakarta\ws\rs\jakarta.ws.rs-api\2.1.6\jakarta.ws.rs-api-2.1.6.jar;C:\Users\jaber\.m2\repository\io\netty\netty-codec-http\4.1.92.Final\netty-codec-http-4.1.92.Final.jar;C:\Users\jaber\.m2\repository\io\netty\netty-transport-native-epoll\4.1.92.Final\netty-transport-native-epoll-4.1.92.Final-linux-x86_64.jar;C:\Users\jaber\.m2\repository\io\netty\netty-transport-classes-epoll\4.1.92.Final\netty-transport-classes-epoll-4.1.92.Final.jar;C:\Users\jaber\.m2\repository\io\netty\netty-transport-native-epoll\4.1.92.Final\netty-transport-native-epoll-4.1.92.Final-linux-aarch_64.jar;C:\Users\jaber\.m2\repository\io\netty\netty-transport-native-kqueue\4.1.92.Final\netty-transport-native-kqueue-4.1.92.Final-osx-x86_64.jar;C:\Users\jaber\.m2\repository\io\netty\netty-transport-classes-kqueue\4.1.92.Final\netty-transport-classes-kqueue-4.1.92.Final.jar;C:\Users\jaber\.m2\repository\io\netty\netty-transport-native-kqueue\4.1.92.Final\netty-transport-native-kqueue-4.1.92.Final-osx-aarch_64.jar;C:\Users\jaber\.m2\repository\org\neo4j\neo4j-consistency-check\5.9.0\neo4j-consistency-check-5.9.0.jar;C:\Users\jaber\.m2\repository\org\neo4j\neo4j-record-storage-engine\5.9.0\neo4j-record-storage-engine-5.9.0.jar;C:\Users\jaber\.m2\repository\commons-io\commons-io\2.11.0\commons-io-2.11.0.jar;C:\Users\jaber\.m2\repository\org\neo4j\neo4j-dbms\5.9.0\neo4j-dbms-5.9.0.jar;C:\Users\jaber\.m2\repository\org\jprocesses\jProcesses\1.6.5\jProcesses-1.6.5.jar;C:\Users\jaber\.m2\repository\com\profesorfalken\WMI4Java\1.6.3\WMI4Java-1.6.3.jar;C:\Users\jaber\.m2\repository\com\profesorfalken\jPowerShell\3.0\jPowerShell-3.0.jar;C:\Users\jaber\.m2\repository\org\apache\commons\commons-compress\1.23.0\commons-compress-1.23.0.jar;C:\Users\jaber\.m2\repository\org\apache\commons\commons-text\1.10.0\commons-text-1.10.0.jar;C:\Users\jaber\.m2\repository\org\apache\commons\commons-configuration2\2.9.0\commons-configuration2-2.9.0.jar;C:\Users\jaber\.m2\repository\org\neo4j\licensing-proxy\zstd-proxy\5.9.0\zstd-proxy-5.9.0.jar;C:\Users\jaber\.m2\repository\com\github\luben\zstd-jni\1.5.5-2\zstd-jni-1.5.5-2.jar;C:\Users\jaber\.m2\repository\org\neo4j\neo4j-import-tool\5.9.0\neo4j-import-tool-5.9.0.jar;C:\Users\jaber\.m2\repository\org\neo4j\app\neo4j-server\5.9.0\neo4j-server-5.9.0.jar;C:\Users\jaber\.m2\repository\org\eclipse\jetty\jetty-server\9.4.51.v20230217\jetty-server-9.4.51.v20230217.jar;C:\Users\jaber\.m2\repository\javax\servlet\javax.servlet-api\3.1.0\javax.servlet-api-3.1.0.jar;C:\Users\jaber\.m2\repository\org\eclipse\jetty\jetty-http\9.4.51.v20230217\jetty-http-9.4.51.v20230217.jar;C:\Users\jaber\.m2\repository\org\eclipse\jetty\jetty-util\9.4.51.v20230217\jetty-util-9.4.51.v20230217.jar;C:\Users\jaber\.m2\repository\org\eclipse\jetty\jetty-io\9.4.51.v20230217\jetty-io-9.4.51.v20230217.jar;C:\Users\jaber\.m2\repository\org\eclipse\jetty\jetty-webapp\9.4.51.v20230217\jetty-webapp-9.4.51.v20230217.jar;C:\Users\jaber\.m2\repository\org\eclipse\jetty\jetty-xml\9.4.51.v20230217\jetty-xml-9.4.51.v20230217.jar;C:\Users\jaber\.m2\repository\org\eclipse\jetty\jetty-servlet\9.4.51.v20230217\jetty-servlet-9.4.51.v20230217.jar;C:\Users\jaber\.m2\repository\org\eclipse\jetty\jetty-security\9.4.51.v20230217\jetty-security-9.4.51.v20230217.jar;C:\Users\jaber\.m2\repository\org\eclipse\jetty\jetty-util-ajax\9.4.51.v20230217\jetty-util-ajax-9.4.51.v20230217.jar;C:\Users\jaber\.m2\repository\org\glassfish\jersey\inject\jersey-hk2\2.34\jersey-hk2-2.34.jar;C:\Users\jaber\.m2\repository\org\glassfish\jersey\core\jersey-common\2.34\jersey-common-2.34.jar;C:\Users\jaber\.m2\repository\jakarta\annotation\jakarta.annotation-api\1.3.5\jakarta.annotation-api-1.3.5.jar;C:\Users\jaber\.m2\repository\org\glassfish\hk2\external\jakarta.inject\2.6.1\jakarta.inject-2.6.1.jar;C:\Users\jaber\.m2\repository\org\glassfish\hk2\hk2-locator\2.6.1\hk2-locator-2.6.1.jar;C:\Users\jaber\.m2\repository\org\glassfish\hk2\hk2-api\2.6.1\hk2-api-2.6.1.jar;C:\Users\jaber\.m2\repository\org\glassfish\hk2\hk2-utils\2.6.1\hk2-utils-2.6.1.jar;C:\Users\jaber\.m2\repository\org\javassist\javassist\3.25.0-GA\javassist-3.25.0-GA.jar;C:\Users\jaber\.m2\repository\org\glassfish\jersey\containers\jersey-container-servlet\2.34\jersey-container-servlet-2.34.jar;C:\Users\jaber\.m2\repository\org\glassfish\jersey\containers\jersey-container-servlet-core\2.34\jersey-container-servlet-core-2.34.jar;C:\Users\jaber\.m2\repository\org\glassfish\jersey\core\jersey-server\2.34\jersey-server-2.34.jar;C:\Users\jaber\.m2\repository\org\glassfish\jersey\core\jersey-client\2.34\jersey-client-2.34.jar;C:\Users\jaber\.m2\repository\jakarta\validation\jakarta.validation-api\2.0.2\jakarta.validation-api-2.0.2.jar;C:\Users\jaber\.m2\repository\com\fasterxml\jackson\core\jackson-core\2.15.0\jackson-core-2.15.0.jar;C:\Users\jaber\.m2\repository\com\fasterxml\jackson\jaxrs\jackson-jaxrs-json-provider\2.15.0\jackson-jaxrs-json-provider-2.15.0.jar;C:\Users\jaber\.m2\repository\com\fasterxml\jackson\jaxrs\jackson-jaxrs-base\2.15.0\jackson-jaxrs-base-2.15.0.jar;C:\Users\jaber\.m2\repository\com\fasterxml\jackson\module\jackson-module-jaxb-annotations\2.15.0\jackson-module-jaxb-annotations-2.15.0.jar;C:\Users\jaber\.m2\repository\org\glassfish\jaxb\jaxb-runtime\2.3.2\jaxb-runtime-2.3.2.jar;C:\Users\jaber\.m2\repository\org\glassfish\jaxb\txw2\2.3.2\txw2-2.3.2.jar;C:\Users\jaber\.m2\repository\com\sun\istack\istack-commons-runtime\3.0.8\istack-commons-runtime-3.0.8.jar;C:\Users\jaber\.m2\repository\org\jvnet\staxex\stax-ex\1.8.1\stax-ex-1.8.1.jar;C:\Users\jaber\.m2\repository\com\sun\xml\fastinfoset\FastInfoset\1.2.16\FastInfoset-1.2.16.jar;C:\Users\jaber\.m2\repository\jakarta\activation\jakarta.activation-api\1.2.1\jakarta.activation-api-1.2.1.jar;C:\Users\jaber\.m2\repository\jakarta\xml\bind\jakarta.xml.bind-api\2.3.2\jakarta.xml.bind-api-2.3.2.jar;C:\Users\jaber\.m2\repository\org\neo4j\neo4j-capabilities\5.9.0\neo4j-capabilities-5.9.0.jar;C:\Users\jaber\.m2\repository\org\neo4j\test\neo4j-harness\5.9.0\neo4j-harness-5.9.0.jar;C:\Users\jaber\.m2\repository\org\slf4j\slf4j-nop\2.0.7\slf4j-nop-2.0.7.jar;C:\Users\jaber\.m2\repository\org\slf4j\slf4j-api\2.0.7\slf4j-api-2.0.7.jar;C:\Users\jaber\.m2\repository\org\neo4j\test-utils\5.9.0\test-utils-5.9.0.jar;C:\Users\jaber\.m2\repository\org\ow2\asm\asm\9.5\asm-9.5.jar;C:\Users\jaber\.m2\repository\org\junit\jupiter\junit-jupiter\5.9.3\junit-jupiter-5.9.3.jar;C:\Users\jaber\.m2\repository\org\junit\jupiter\junit-jupiter-params\5.9.3\junit-jupiter-params-5.9.3.jar;C:\Users\jaber\.m2\repository\org\junit\platform\junit-platform-testkit\1.9.3\junit-platform-testkit-1.9.3.jar;C:\Users\jaber\.m2\repository\org\assertj\assertj-core\3.24.2\assertj-core-3.24.2.jar;C:\Users\jaber\.m2\repository\org\mockito\mockito-core\5.3.1\mockito-core-5.3.1.jar;C:\Users\jaber\.m2\repository\net\bytebuddy\byte-buddy\1.14.4\byte-buddy-1.14.4.jar;C:\Users\jaber\.m2\repository\net\bytebuddy\byte-buddy-agent\1.14.4\byte-buddy-agent-1.14.4.jar;C:\Users\jaber\.m2\repository\org\objenesis\objenesis\3.3\objenesis-3.3.jar;C:\Users\jaber\.m2\repository\org\bouncycastle\bcpkix-jdk15on\1.70\bcpkix-jdk15on-1.70.jar;C:\Users\jaber\.m2\repository\org\bouncycastle\bcutil-jdk15on\1.70\bcutil-jdk15on-1.70.jar;C:\Users\jaber\.m2\repository\org\bouncycastle\bcprov-jdk15on\1.70\bcprov-jdk15on-1.70.jar;C:\Users\jaber\.m2\repository\org\hamcrest\hamcrest\2.2\hamcrest-2.2.jar;C:\Users\jaber\.m2\repository\org\awaitility\awaitility\4.2.0\awaitility-4.2.0.jar;C:\Users\jaber\.m2\repository\org\neo4j\io-test-utils\5.9.0\io-test-utils-5.9.0.jar;C:\Users\jaber\.m2\repository\commons-logging\commons-logging\1.2\commons-logging-1.2.jar;C:\Users\jaber\.m2\repository\org\neo4j\app\neo4j-server-test-utils\5.9.0\neo4j-server-test-utils-5.9.0.jar;C:\Users\jaber\.m2\repository\commons-codec\commons-codec\1.15\commons-codec-1.15.jar;C:\Users\jaber\.m2\repository\org\junit\vintage\junit-vintage-engine\5.9.3\junit-vintage-engine-5.9.3.jar;C:\Users\jaber\.m2\repository\junit\junit\4.13.2\junit-4.13.2.jar;C:\Users\jaber\.m2\repository\org\hamcrest\hamcrest-core\1.3\hamcrest-core-1.3.jar;C:\Users\jaber\.m2\repository\org\junit\jupiter\junit-jupiter-engine\5.9.1\junit-jupiter-engine-5.9.1.jar;C:\Users\jaber\.m2\repository\org\junit\platform\junit-platform-engine\1.9.1\junit-platform-engine-1.9.1.jar;C:\Users\jaber\.m2\repository\org\opentest4j\opentest4j\1.2.0\opentest4j-1.2.0.jar;C:\Users\jaber\.m2\repository\org\junit\platform\junit-platform-commons\1.9.1\junit-platform-commons-1.9.1.jar;C:\Users\jaber\.m2\repository\org\junit\jupiter\junit-jupiter-api\5.9.1\junit-jupiter-api-5.9.1.jar;C:\Users\jaber\.m2\repository\org\apiguardian\apiguardian-api\1.1.2\apiguardian-api-1.1.2.jar;C:\Users\jaber\.m2\repository\org\neo4j\driver\neo4j-java-driver\5.9.0\neo4j-java-driver-5.9.0.jar;C:\Users\jaber\.m2\repository\org\reactivestreams\reactive-streams\1.0.4\reactive-streams-1.0.4.jar;C:\Users\jaber\.m2\repository\io\netty\netty-handler\4.1.93.Final\netty-handler-4.1.93.Final.jar;C:\Users\jaber\.m2\repository\io\netty\netty-common\4.1.93.Final\netty-common-4.1.93.Final.jar;C:\Users\jaber\.m2\repository\io\netty\netty-resolver\4.1.93.Final\netty-resolver-4.1.93.Final.jar;C:\Users\jaber\.m2\repository\io\netty\netty-buffer\4.1.93.Final\netty-buffer-4.1.93.Final.jar;C:\Users\jaber\.m2\repository\io\netty\netty-transport\4.1.93.Final\netty-transport-4.1.93.Final.jar;C:\Users\jaber\.m2\repository\io\netty\netty-transport-native-unix-common\4.1.93.Final\netty-transport-native-unix-common-4.1.93.Final.jar;C:\Users\jaber\.m2\repository\io\netty\netty-codec\4.1.93.Final\netty-codec-4.1.93.Final.jar;C:\Users\jaber\.m2\repository\io\netty\netty-tcnative-classes\2.0.61.Final\netty-tcnative-classes-2.0.61.Final.jar;C:\Users\jaber\.m2\repository\io\projectreactor\reactor-core\3.5.6\reactor-core-3.5.6.jar;"/>
    <property name="java.vm.vendor" value="Oracle Corporation"/>
    <property name="sun.arch.data.model" value="64"/>
    <property name="user.variant" value=""/>
    <property name="java.vendor.url" value="https://java.oracle.com/"/>
    <property name="user.timezone" value="Europe/Rome"/>
    <property name="os.name" value="Windows 10"/>
    <property name="java.vm.specification.version" value="17"/>
    <property name="sun.java.launcher" value="SUN_STANDARD"/>
    <property name="user.country" value="US"/>
    <property name="sun.boot.library.path" value="C:\Program Files\Java\jdk-17\bin"/>
    <property name="sun.java.command" value="C:\Users\jaber\AppData\Local\Temp\surefire13082935471130025103\surefirebooter-20230712162031375_3.jar C:\Users\jaber\AppData\Local\Temp\surefire13082935471130025103 2023-07-12T16-20-31_020-jvmRun1 surefire-20230712162031375_1tmp surefire_0-20230712162031375_2tmp"/>
    <property name="jdk.debug" value="release"/>
    <property name="surefire.test.class.path" value="D:\Java\shortestPath\target\test-classes;D:\Java\shortestPath\target\classes;C:\Users\jaber\.m2\repository\org\neo4j\neo4j\5.9.0\neo4j-5.9.0.jar;C:\Users\jaber\.m2\repository\org\neo4j\annotations\5.9.0\annotations-5.9.0.jar;C:\Users\jaber\.m2\repository\org\eclipse\collections\eclipse-collections\11.1.0\eclipse-collections-11.1.0.jar;C:\Users\jaber\.m2\repository\org\eclipse\collections\eclipse-collections-api\11.1.0\eclipse-collections-api-11.1.0.jar;C:\Users\jaber\.m2\repository\org\apache\commons\commons-lang3\3.12.0\commons-lang3-3.12.0.jar;C:\Users\jaber\.m2\repository\org\neo4j\neo4j-kernel\5.9.0\neo4j-kernel-5.9.0.jar;C:\Users\jaber\.m2\repository\org\neo4j\neo4j-native\5.9.0\neo4j-native-5.9.0.jar;C:\Users\jaber\.m2\repository\net\java\dev\jna\jna\5.13.0\jna-5.13.0.jar;C:\Users\jaber\.m2\repository\org\neo4j\neo4j-graphdb-api\5.9.0\neo4j-graphdb-api-5.9.0.jar;C:\Users\jaber\.m2\repository\org\neo4j\neo4j-kernel-api\5.9.0\neo4j-kernel-api-5.9.0.jar;C:\Users\jaber\.m2\repository\org\neo4j\neo4j-monitoring\5.9.0\neo4j-monitoring-5.9.0.jar;C:\Users\jaber\.m2\repository\org\neo4j\neo4j-diagnostics\5.9.0\neo4j-diagnostics-5.9.0.jar;C:\Users\jaber\.m2\repository\org\neo4j\neo4j-schema\5.9.0\neo4j-schema-5.9.0.jar;C:\Users\jaber\.m2\repository\org\neo4j\neo4j-lock\5.9.0\neo4j-lock-5.9.0.jar;C:\Users\jaber\.m2\repository\org\neo4j\neo4j-token-api\5.9.0\neo4j-token-api-5.9.0.jar;C:\Users\jaber\.m2\repository\org\neo4j\neo4j-storage-engine-util\5.9.0\neo4j-storage-engine-util-5.9.0.jar;C:\Users\jaber\.m2\repository\org\neo4j\neo4j-common\5.9.0\neo4j-common-5.9.0.jar;C:\Users\jaber\.m2\repository\org\lz4\lz4-java\1.8.0\lz4-java-1.8.0.jar;C:\Users\jaber\.m2\repository\org\neo4j\neo4j-values\5.9.0\neo4j-values-5.9.0.jar;C:\Users\jaber\.m2\repository\org\neo4j\neo4j-unsafe\5.9.0\neo4j-unsafe-5.9.0.jar;C:\Users\jaber\.m2\repository\org\neo4j\neo4j-collections\5.9.0\neo4j-collections-5.9.0.jar;C:\Users\jaber\.m2\repository\com\github\ben-manes\caffeine\caffeine\3.1.6\caffeine-3.1.6.jar;C:\Users\jaber\.m2\repository\org\neo4j\neo4j-io\5.9.0\neo4j-io-5.9.0.jar;C:\Users\jaber\.m2\repository\org\neo4j\neo4j-concurrent\5.9.0\neo4j-concurrent-5.9.0.jar;C:\Users\jaber\.m2\repository\org\neo4j\neo4j-logging\5.9.0\neo4j-logging-5.9.0.jar;C:\Users\jaber\.m2\repository\org\codehaus\jettison\jettison\1.5.4\jettison-1.5.4.jar;C:\Users\jaber\.m2\repository\org\apache\logging\log4j\log4j-api\2.20.0\log4j-api-2.20.0.jar;C:\Users\jaber\.m2\repository\org\apache\logging\log4j\log4j-core\2.20.0\log4j-core-2.20.0.jar;C:\Users\jaber\.m2\repository\org\apache\logging\log4j\log4j-layout-template-json\2.20.0\log4j-layout-template-json-2.20.0.jar;C:\Users\jaber\.m2\repository\org\neo4j\neo4j-configuration\5.9.0\neo4j-configuration-5.9.0.jar;C:\Users\jaber\.m2\repository\com\github\seancfoley\ipaddress\5.4.0\ipaddress-5.4.0.jar;C:\Users\jaber\.m2\repository\org\neo4j\neo4j-layout\5.9.0\neo4j-layout-5.9.0.jar;C:\Users\jaber\.m2\repository\org\neo4j\neo4j-index\5.9.0\neo4j-index-5.9.0.jar;C:\Users\jaber\.m2\repository\org\neo4j\neo4j-spatial-index\5.9.0\neo4j-spatial-index-5.9.0.jar;C:\Users\jaber\.m2\repository\org\neo4j\neo4j-id-generator\5.9.0\neo4j-id-generator-5.9.0.jar;C:\Users\jaber\.m2\repository\org\neo4j\neo4j-wal\5.9.0\neo4j-wal-5.9.0.jar;C:\Users\jaber\.m2\repository\org\neo4j\neo4j-import-util\5.9.0\neo4j-import-util-5.9.0.jar;C:\Users\jaber\.m2\repository\org\neo4j\neo4j-csv\5.9.0\neo4j-csv-5.9.0.jar;C:\Users\jaber\.m2\repository\org\jctools\jctools-core\4.0.1\jctools-core-4.0.1.jar;C:\Users\jaber\.m2\repository\org\neo4j\neo4j-fabric\5.9.0\neo4j-fabric-5.9.0.jar;C:\Users\jaber\.m2\repository\org\neo4j\neo4j-front-end\5.9.0\neo4j-front-end-5.9.0.jar;C:\Users\jaber\.m2\repository\org\neo4j\neo4j-expressions\5.9.0\neo4j-expressions-5.9.0.jar;C:\Users\jaber\.m2\repository\org\neo4j\neo4j-cypher-macros\5.9.0\neo4j-cypher-macros-5.9.0.jar;C:\Users\jaber\.m2\repository\org\scala-lang\scala-reflect\2.13.10\scala-reflect-2.13.10.jar;C:\Users\jaber\.m2\repository\org\neo4j\neo4j-query-router\5.9.0\neo4j-query-router-5.9.0.jar;C:\Users\jaber\.m2\repository\org\neo4j\neo4j-procedure\5.9.0\neo4j-procedure-5.9.0.jar;C:\Users\jaber\.m2\repository\org\neo4j\neo4j-procedure-api\5.9.0\neo4j-procedure-api-5.9.0.jar;C:\Users\jaber\.m2\repository\org\neo4j\neo4j-codegen\5.9.0\neo4j-codegen-5.9.0.jar;C:\Users\jaber\.m2\repository\org\ow2\asm\asm-util\9.5\asm-util-9.5.jar;C:\Users\jaber\.m2\repository\org\ow2\asm\asm-analysis\9.5\asm-analysis-9.5.jar;C:\Users\jaber\.m2\repository\org\ow2\asm\asm-tree\9.5\asm-tree-9.5.jar;C:\Users\jaber\.m2\repository\org\neo4j\neo4j-cypher-expression-evaluator\5.9.0\neo4j-cypher-expression-evaluator-5.9.0.jar;C:\Users\jaber\.m2\repository\org\neo4j\neo4j-ast\5.9.0\neo4j-ast-5.9.0.jar;C:\Users\jaber\.m2\repository\org\neo4j\neo4j-cypher-ast-factory\5.9.0\neo4j-cypher-ast-factory-5.9.0.jar;C:\Users\jaber\.m2\repository\org\neo4j\cypher-ast-factory\5.9.0\cypher-ast-factory-5.9.0.jar;C:\Users\jaber\.m2\repository\com\fasterxml\jackson\core\jackson-databind\2.15.0\jackson-databind-2.15.0.jar;C:\Users\jaber\.m2\repository\com\fasterxml\jackson\core\jackson-annotations\2.15.0\jackson-annotations-2.15.0.jar;C:\Users\jaber\.m2\repository\org\neo4j\neo4j-lucene-index\5.9.0\neo4j-lucene-index-5.9.0.jar;C:\Users\jaber\.m2\repository\org\neo4j\neo4j-resource\5.9.0\neo4j-resource-5.9.0.jar;C:\Users\jaber\.m2\repository\org\apache\lucene\lucene-analysis-common\9.6.0\lucene-analysis-common-9.6.0.jar;C:\Users\jaber\.m2\repository\org\apache\lucene\lucene-core\9.6.0\lucene-core-9.6.0.jar;C:\Users\jaber\.m2\repository\org\apache\lucene\lucene-queryparser\9.6.0\lucene-queryparser-9.6.0.jar;C:\Users\jaber\.m2\repository\org\apache\lucene\lucene-backward-codecs\9.6.0\lucene-backward-codecs-9.6.0.jar;C:\Users\jaber\.m2\repository\org\neo4j\neo4j-fulltext-index\5.9.0\neo4j-fulltext-index-5.9.0.jar;C:\Users\jaber\.m2\repository\org\neo4j\neo4j-graph-algo\5.9.0\neo4j-graph-algo-5.9.0.jar;C:\Users\jaber\.m2\repository\org\neo4j\neo4j-cypher-runtime-util\5.9.0\neo4j-cypher-runtime-util-5.9.0.jar;C:\Users\jaber\.m2\repository\org\neo4j\neo4j-cypher-logical-plans\5.9.0\neo4j-cypher-logical-plans-5.9.0.jar;C:\Users\jaber\.m2\repository\org\neo4j\neo4j-data-collector\5.9.0\neo4j-data-collector-5.9.0.jar;C:\Users\jaber\.m2\repository\org\neo4j\neo4j-cypher-planner\5.9.0\neo4j-cypher-planner-5.9.0.jar;C:\Users\jaber\.m2\repository\org\apache\commons\commons-math3\3.6.1\commons-math3-3.6.1.jar;C:\Users\jaber\.m2\repository\org\scala-lang\modules\scala-collection-contrib_2.13\0.3.0\scala-collection-contrib_2.13-0.3.0.jar;C:\Users\jaber\.m2\repository\org\neo4j\neo4j-cypher-ir\5.9.0\neo4j-cypher-ir-5.9.0.jar;C:\Users\jaber\.m2\repository\org\neo4j\neo4j-cypher-javacc-parser\5.9.0\neo4j-cypher-javacc-parser-5.9.0.jar;C:\Users\jaber\.m2\repository\org\neo4j\neo4j-rewriting\5.9.0\neo4j-rewriting-5.9.0.jar;C:\Users\jaber\.m2\repository\org\neo4j\neo4j-cypher\5.9.0\neo4j-cypher-5.9.0.jar;C:\Users\jaber\.m2\repository\org\scala-lang\scala-library\2.13.10\scala-library-2.13.10.jar;C:\Users\jaber\.m2\repository\org\neo4j\neo4j-cypher-physical-planning\5.9.0\neo4j-cypher-physical-planning-5.9.0.jar;C:\Users\jaber\.m2\repository\org\neo4j\neo4j-exceptions\5.9.0\neo4j-exceptions-5.9.0.jar;C:\Users\jaber\.m2\repository\org\neo4j\neo4j-util\5.9.0\neo4j-util-5.9.0.jar;C:\Users\jaber\.m2\repository\org\neo4j\neo4j-cypher-config\5.9.0\neo4j-cypher-config-5.9.0.jar;C:\Users\jaber\.m2\repository\com\propensive\magnolia_2.13\0.17.0\magnolia_2.13-0.17.0.jar;C:\Users\jaber\.m2\repository\com\propensive\mercator_2.13\0.2.1\mercator_2.13-0.2.1.jar;C:\Users\jaber\.m2\repository\org\neo4j\neo4j-cypher-cache\5.9.0\neo4j-cypher-cache-5.9.0.jar;C:\Users\jaber\.m2\repository\org\neo4j\neo4j-cypher-planner-spi\5.9.0\neo4j-cypher-planner-spi-5.9.0.jar;C:\Users\jaber\.m2\repository\org\neo4j\neo4j-cypher-interpreted-runtime\5.9.0\neo4j-cypher-interpreted-runtime-5.9.0.jar;C:\Users\jaber\.m2\repository\org\neo4j\neo4j-cypher-slotted-runtime\5.9.0\neo4j-cypher-slotted-runtime-5.9.0.jar;C:\Users\jaber\.m2\repository\org\apache\shiro\shiro-core\1.11.0\shiro-core-1.11.0.jar;C:\Users\jaber\.m2\repository\org\apache\shiro\shiro-lang\1.11.0\shiro-lang-1.11.0.jar;C:\Users\jaber\.m2\repository\org\apache\shiro\shiro-cache\1.11.0\shiro-cache-1.11.0.jar;C:\Users\jaber\.m2\repository\org\apache\shiro\shiro-crypto-hash\1.11.0\shiro-crypto-hash-1.11.0.jar;C:\Users\jaber\.m2\repository\org\apache\shiro\shiro-crypto-core\1.11.0\shiro-crypto-core-1.11.0.jar;C:\Users\jaber\.m2\repository\org\apache\shiro\shiro-crypto-cipher\1.11.0\shiro-crypto-cipher-1.11.0.jar;C:\Users\jaber\.m2\repository\org\apache\shiro\shiro-config-core\1.11.0\shiro-config-core-1.11.0.jar;C:\Users\jaber\.m2\repository\org\apache\shiro\shiro-config-ogdl\1.11.0\shiro-config-ogdl-1.11.0.jar;C:\Users\jaber\.m2\repository\commons-beanutils\commons-beanutils\1.9.4\commons-beanutils-1.9.4.jar;C:\Users\jaber\.m2\repository\commons-collections\commons-collections\3.2.2\commons-collections-3.2.2.jar;C:\Users\jaber\.m2\repository\org\apache\shiro\shiro-event\1.11.0\shiro-event-1.11.0.jar;C:\Users\jaber\.m2\repository\org\bitbucket\inkytonik\kiama\kiama_2.13\2.5.0\kiama_2.13-2.5.0.jar;C:\Users\jaber\.m2\repository\org\neo4j\neo4j-security\5.9.0\neo4j-security-5.9.0.jar;C:\Users\jaber\.m2\repository\org\neo4j\neo4j-command-line\5.9.0\neo4j-command-line-5.9.0.jar;C:\Users\jaber\.m2\repository\info\picocli\picocli\4.7.3\picocli-4.7.3.jar;C:\Users\jaber\.m2\repository\org\neo4j\neo4j-bolt\5.9.0\neo4j-bolt-5.9.0.jar;C:\Users\jaber\.m2\repository\org\neo4j\neo4j-ssl\5.9.0\neo4j-ssl-5.9.0.jar;C:\Users\jaber\.m2\repository\org\neo4j\server-api\5.9.0\server-api-5.9.0.jar;C:\Users\jaber\.m2\repository\jakarta\ws\rs\jakarta.ws.rs-api\2.1.6\jakarta.ws.rs-api-2.1.6.jar;C:\Users\jaber\.m2\repository\io\netty\netty-codec-http\4.1.92.Final\netty-codec-http-4.1.92.Final.jar;C:\Users\jaber\.m2\repository\io\netty\netty-transport-native-epoll\4.1.92.Final\netty-transport-native-epoll-4.1.92.Final-linux-x86_64.jar;C:\Users\jaber\.m2\repository\io\netty\netty-transport-classes-epoll\4.1.92.Final\netty-transport-classes-epoll-4.1.92.Final.jar;C:\Users\jaber\.m2\repository\io\netty\netty-transport-native-epoll\4.1.92.Final\netty-transport-native-epoll-4.1.92.Final-linux-aarch_64.jar;C:\Users\jaber\.m2\repository\io\netty\netty-transport-native-kqueue\4.1.92.Final\netty-transport-native-kqueue-4.1.92.Final-osx-x86_64.jar;C:\Users\jaber\.m2\repository\io\netty\netty-transport-classes-kqueue\4.1.92.Final\netty-transport-classes-kqueue-4.1.92.Final.jar;C:\Users\jaber\.m2\repository\io\netty\netty-transport-native-kqueue\4.1.92.Final\netty-transport-native-kqueue-4.1.92.Final-osx-aarch_64.jar;C:\Users\jaber\.m2\repository\org\neo4j\neo4j-consistency-check\5.9.0\neo4j-consistency-check-5.9.0.jar;C:\Users\jaber\.m2\repository\org\neo4j\neo4j-record-storage-engine\5.9.0\neo4j-record-storage-engine-5.9.0.jar;C:\Users\jaber\.m2\repository\commons-io\commons-io\2.11.0\commons-io-2.11.0.jar;C:\Users\jaber\.m2\repository\org\neo4j\neo4j-dbms\5.9.0\neo4j-dbms-5.9.0.jar;C:\Users\jaber\.m2\repository\org\jprocesses\jProcesses\1.6.5\jProcesses-1.6.5.jar;C:\Users\jaber\.m2\repository\com\profesorfalken\WMI4Java\1.6.3\WMI4Java-1.6.3.jar;C:\Users\jaber\.m2\repository\com\profesorfalken\jPowerShell\3.0\jPowerShell-3.0.jar;C:\Users\jaber\.m2\repository\org\apache\commons\commons-compress\1.23.0\commons-compress-1.23.0.jar;C:\Users\jaber\.m2\repository\org\apache\commons\commons-text\1.10.0\commons-text-1.10.0.jar;C:\Users\jaber\.m2\repository\org\apache\commons\commons-configuration2\2.9.0\commons-configuration2-2.9.0.jar;C:\Users\jaber\.m2\repository\org\neo4j\licensing-proxy\zstd-proxy\5.9.0\zstd-proxy-5.9.0.jar;C:\Users\jaber\.m2\repository\com\github\luben\zstd-jni\1.5.5-2\zstd-jni-1.5.5-2.jar;C:\Users\jaber\.m2\repository\org\neo4j\neo4j-import-tool\5.9.0\neo4j-import-tool-5.9.0.jar;C:\Users\jaber\.m2\repository\org\neo4j\app\neo4j-server\5.9.0\neo4j-server-5.9.0.jar;C:\Users\jaber\.m2\repository\org\eclipse\jetty\jetty-server\9.4.51.v20230217\jetty-server-9.4.51.v20230217.jar;C:\Users\jaber\.m2\repository\javax\servlet\javax.servlet-api\3.1.0\javax.servlet-api-3.1.0.jar;C:\Users\jaber\.m2\repository\org\eclipse\jetty\jetty-http\9.4.51.v20230217\jetty-http-9.4.51.v20230217.jar;C:\Users\jaber\.m2\repository\org\eclipse\jetty\jetty-util\9.4.51.v20230217\jetty-util-9.4.51.v20230217.jar;C:\Users\jaber\.m2\repository\org\eclipse\jetty\jetty-io\9.4.51.v20230217\jetty-io-9.4.51.v20230217.jar;C:\Users\jaber\.m2\repository\org\eclipse\jetty\jetty-webapp\9.4.51.v20230217\jetty-webapp-9.4.51.v20230217.jar;C:\Users\jaber\.m2\repository\org\eclipse\jetty\jetty-xml\9.4.51.v20230217\jetty-xml-9.4.51.v20230217.jar;C:\Users\jaber\.m2\repository\org\eclipse\jetty\jetty-servlet\9.4.51.v20230217\jetty-servlet-9.4.51.v20230217.jar;C:\Users\jaber\.m2\repository\org\eclipse\jetty\jetty-security\9.4.51.v20230217\jetty-security-9.4.51.v20230217.jar;C:\Users\jaber\.m2\repository\org\eclipse\jetty\jetty-util-ajax\9.4.51.v20230217\jetty-util-ajax-9.4.51.v20230217.jar;C:\Users\jaber\.m2\repository\org\glassfish\jersey\inject\jersey-hk2\2.34\jersey-hk2-2.34.jar;C:\Users\jaber\.m2\repository\org\glassfish\jersey\core\jersey-common\2.34\jersey-common-2.34.jar;C:\Users\jaber\.m2\repository\jakarta\annotation\jakarta.annotation-api\1.3.5\jakarta.annotation-api-1.3.5.jar;C:\Users\jaber\.m2\repository\org\glassfish\hk2\external\jakarta.inject\2.6.1\jakarta.inject-2.6.1.jar;C:\Users\jaber\.m2\repository\org\glassfish\hk2\hk2-locator\2.6.1\hk2-locator-2.6.1.jar;C:\Users\jaber\.m2\repository\org\glassfish\hk2\hk2-api\2.6.1\hk2-api-2.6.1.jar;C:\Users\jaber\.m2\repository\org\glassfish\hk2\hk2-utils\2.6.1\hk2-utils-2.6.1.jar;C:\Users\jaber\.m2\repository\org\javassist\javassist\3.25.0-GA\javassist-3.25.0-GA.jar;C:\Users\jaber\.m2\repository\org\glassfish\jersey\containers\jersey-container-servlet\2.34\jersey-container-servlet-2.34.jar;C:\Users\jaber\.m2\repository\org\glassfish\jersey\containers\jersey-container-servlet-core\2.34\jersey-container-servlet-core-2.34.jar;C:\Users\jaber\.m2\repository\org\glassfish\jersey\core\jersey-server\2.34\jersey-server-2.34.jar;C:\Users\jaber\.m2\repository\org\glassfish\jersey\core\jersey-client\2.34\jersey-client-2.34.jar;C:\Users\jaber\.m2\repository\jakarta\validation\jakarta.validation-api\2.0.2\jakarta.validation-api-2.0.2.jar;C:\Users\jaber\.m2\repository\com\fasterxml\jackson\core\jackson-core\2.15.0\jackson-core-2.15.0.jar;C:\Users\jaber\.m2\repository\com\fasterxml\jackson\jaxrs\jackson-jaxrs-json-provider\2.15.0\jackson-jaxrs-json-provider-2.15.0.jar;C:\Users\jaber\.m2\repository\com\fasterxml\jackson\jaxrs\jackson-jaxrs-base\2.15.0\jackson-jaxrs-base-2.15.0.jar;C:\Users\jaber\.m2\repository\com\fasterxml\jackson\module\jackson-module-jaxb-annotations\2.15.0\jackson-module-jaxb-annotations-2.15.0.jar;C:\Users\jaber\.m2\repository\org\glassfish\jaxb\jaxb-runtime\2.3.2\jaxb-runtime-2.3.2.jar;C:\Users\jaber\.m2\repository\org\glassfish\jaxb\txw2\2.3.2\txw2-2.3.2.jar;C:\Users\jaber\.m2\repository\com\sun\istack\istack-commons-runtime\3.0.8\istack-commons-runtime-3.0.8.jar;C:\Users\jaber\.m2\repository\org\jvnet\staxex\stax-ex\1.8.1\stax-ex-1.8.1.jar;C:\Users\jaber\.m2\repository\com\sun\xml\fastinfoset\FastInfoset\1.2.16\FastInfoset-1.2.16.jar;C:\Users\jaber\.m2\repository\jakarta\activation\jakarta.activation-api\1.2.1\jakarta.activation-api-1.2.1.jar;C:\Users\jaber\.m2\repository\jakarta\xml\bind\jakarta.xml.bind-api\2.3.2\jakarta.xml.bind-api-2.3.2.jar;C:\Users\jaber\.m2\repository\org\neo4j\neo4j-capabilities\5.9.0\neo4j-capabilities-5.9.0.jar;C:\Users\jaber\.m2\repository\org\neo4j\test\neo4j-harness\5.9.0\neo4j-harness-5.9.0.jar;C:\Users\jaber\.m2\repository\org\slf4j\slf4j-nop\2.0.7\slf4j-nop-2.0.7.jar;C:\Users\jaber\.m2\repository\org\slf4j\slf4j-api\2.0.7\slf4j-api-2.0.7.jar;C:\Users\jaber\.m2\repository\org\neo4j\test-utils\5.9.0\test-utils-5.9.0.jar;C:\Users\jaber\.m2\repository\org\ow2\asm\asm\9.5\asm-9.5.jar;C:\Users\jaber\.m2\repository\org\junit\jupiter\junit-jupiter\5.9.3\junit-jupiter-5.9.3.jar;C:\Users\jaber\.m2\repository\org\junit\jupiter\junit-jupiter-params\5.9.3\junit-jupiter-params-5.9.3.jar;C:\Users\jaber\.m2\repository\org\junit\platform\junit-platform-testkit\1.9.3\junit-platform-testkit-1.9.3.jar;C:\Users\jaber\.m2\repository\org\assertj\assertj-core\3.24.2\assertj-core-3.24.2.jar;C:\Users\jaber\.m2\repository\org\mockito\mockito-core\5.3.1\mockito-core-5.3.1.jar;C:\Users\jaber\.m2\repository\net\bytebuddy\byte-buddy\1.14.4\byte-buddy-1.14.4.jar;C:\Users\jaber\.m2\repository\net\bytebuddy\byte-buddy-agent\1.14.4\byte-buddy-agent-1.14.4.jar;C:\Users\jaber\.m2\repository\org\objenesis\objenesis\3.3\objenesis-3.3.jar;C:\Users\jaber\.m2\repository\org\bouncycastle\bcpkix-jdk15on\1.70\bcpkix-jdk15on-1.70.jar;C:\Users\jaber\.m2\repository\org\bouncycastle\bcutil-jdk15on\1.70\bcutil-jdk15on-1.70.jar;C:\Users\jaber\.m2\repository\org\bouncycastle\bcprov-jdk15on\1.70\bcprov-jdk15on-1.70.jar;C:\Users\jaber\.m2\repository\org\hamcrest\hamcrest\2.2\hamcrest-2.2.jar;C:\Users\jaber\.m2\repository\org\awaitility\awaitility\4.2.0\awaitility-4.2.0.jar;C:\Users\jaber\.m2\repository\org\neo4j\io-test-utils\5.9.0\io-test-utils-5.9.0.jar;C:\Users\jaber\.m2\repository\commons-logging\commons-logging\1.2\commons-logging-1.2.jar;C:\Users\jaber\.m2\repository\org\neo4j\app\neo4j-server-test-utils\5.9.0\neo4j-server-test-utils-5.9.0.jar;C:\Users\jaber\.m2\repository\commons-codec\commons-codec\1.15\commons-codec-1.15.jar;C:\Users\jaber\.m2\repository\org\junit\vintage\junit-vintage-engine\5.9.3\junit-vintage-engine-5.9.3.jar;C:\Users\jaber\.m2\repository\junit\junit\4.13.2\junit-4.13.2.jar;C:\Users\jaber\.m2\repository\org\hamcrest\hamcrest-core\1.3\hamcrest-core-1.3.jar;C:\Users\jaber\.m2\repository\org\junit\jupiter\junit-jupiter-engine\5.9.1\junit-jupiter-engine-5.9.1.jar;C:\Users\jaber\.m2\repository\org\junit\platform\junit-platform-engine\1.9.1\junit-platform-engine-1.9.1.jar;C:\Users\jaber\.m2\repository\org\opentest4j\opentest4j\1.2.0\opentest4j-1.2.0.jar;C:\Users\jaber\.m2\repository\org\junit\platform\junit-platform-commons\1.9.1\junit-platform-commons-1.9.1.jar;C:\Users\jaber\.m2\repository\org\junit\jupiter\junit-jupiter-api\5.9.1\junit-jupiter-api-5.9.1.jar;C:\Users\jaber\.m2\repository\org\apiguardian\apiguardian-api\1.1.2\apiguardian-api-1.1.2.jar;C:\Users\jaber\.m2\repository\org\neo4j\driver\neo4j-java-driver\5.9.0\neo4j-java-driver-5.9.0.jar;C:\Users\jaber\.m2\repository\org\reactivestreams\reactive-streams\1.0.4\reactive-streams-1.0.4.jar;C:\Users\jaber\.m2\repository\io\netty\netty-handler\4.1.93.Final\netty-handler-4.1.93.Final.jar;C:\Users\jaber\.m2\repository\io\netty\netty-common\4.1.93.Final\netty-common-4.1.93.Final.jar;C:\Users\jaber\.m2\repository\io\netty\netty-resolver\4.1.93.Final\netty-resolver-4.1.93.Final.jar;C:\Users\jaber\.m2\repository\io\netty\netty-buffer\4.1.93.Final\netty-buffer-4.1.93.Final.jar;C:\Users\jaber\.m2\repository\io\netty\netty-transport\4.1.93.Final\netty-transport-4.1.93.Final.jar;C:\Users\jaber\.m2\repository\io\netty\netty-transport-native-unix-common\4.1.93.Final\netty-transport-native-unix-common-4.1.93.Final.jar;C:\Users\jaber\.m2\repository\io\netty\netty-codec\4.1.93.Final\netty-codec-4.1.93.Final.jar;C:\Users\jaber\.m2\repository\io\netty\netty-tcnative-classes\2.0.61.Final\netty-tcnative-classes-2.0.61.Final.jar;C:\Users\jaber\.m2\repository\io\projectreactor\reactor-core\3.5.6\reactor-core-3.5.6.jar;"/>
    <property name="sun.cpu.endian" value="little"/>
    <property name="user.home" value="C:\Users\jaber"/>
    <property name="user.language" value="en"/>
    <property name="java.specification.vendor" value="Oracle Corporation"/>
    <property name="java.version.date" value="2021-09-14"/>
    <property name="java.home" value="C:\Program Files\Java\jdk-17"/>
    <property name="file.separator" value="\"/>
    <property name="basedir" value="D:\Java\shortestPath"/>
    <property name="java.vm.compressedOopsMode" value="Zero based"/>
    <property name="line.separator" value="&#10;"/>
    <property name="java.vm.specification.vendor" value="Oracle Corporation"/>
    <property name="java.specification.name" value="Java Platform API Specification"/>
    <property name="surefire.real.class.path" value="C:\Users\jaber\AppData\Local\Temp\surefire13082935471130025103\surefirebooter-20230712162031375_3.jar"/>
    <property name="user.script" value=""/>
    <property name="sun.management.compiler" value="HotSpot 64-Bit Tiered Compilers"/>
    <property name="java.runtime.version" value="17+35-2724"/>
    <property name="user.name" value="jaber"/>
    <property name="path.separator" value=";"/>
    <property name="os.version" value="10.0"/>
    <property name="java.runtime.name" value="OpenJDK Runtime Environment"/>
    <property name="file.encoding" value="Cp1252"/>
    <property name="java.vm.name" value="OpenJDK 64-Bit Server VM"/>
    <property name="localRepository" value="C:\Users\jaber\.m2\repository"/>
    <property name="java.vendor.url.bug" value="https://bugreport.java.com/bugreport/"/>
    <property name="java.io.tmpdir" value="C:\Users\jaber\AppData\Local\Temp\"/>
    <property name="java.version" value="17"/>
    <property name="user.dir" value="D:\Java\shortestPath"/>
    <property name="os.arch" value="amd64"/>
    <property name="java.vm.specification.name" value="Java Virtual Machine Specification"/>
    <property name="sun.os.patch.level" value=""/>
    <property name="native.encoding" value="Cp1252"/>
    <property name="java.library.path" value="C:\Program Files\Java\jdk-17\bin;C:\Windows\Sun\Java\bin;C:\Windows\system32;C:\Windows;C:\Windows\system32;C:\Windows;C:\Windows\System32\Wbem;C:\Windows\System32\WindowsPowerShell\v1.0\;C:\Windows\System32\OpenSSH\;C:\Program Files\NVIDIA Corporation\NVIDIA NvDLISR;C:\Program Files (x86)\NVIDIA Corporation\PhysX\Common;C:\Program Files\Java\jdk-17\bin;C:\Program Files\Java\jdk-17\mvn\bin;C:\Program Files\Neo4j\bin;C:\Users\jaber\AppData\Local\Programs\Python\Python311\Scripts\;C:\Users\jaber\AppData\Local\Programs\Python\Python311\;C:\Users\jaber\AppData\Local\Microsoft\WindowsApps;;C:\Users\jaber\AppData\Local\Programs\Microsoft VS Code\bin;C:\Program Files\JetBrains\IntelliJ IDEA 2023.1.3\bin;;."/>
    <property name="java.vm.info" value="mixed mode, sharing"/>
    <property name="java.vendor" value="Oracle Corporation"/>
    <property name="java.vm.version" value="17+35-2724"/>
    <property name="sun.io.unicode.encoding" value="UnicodeLittle"/>
    <property name="java.class.version" value="61.0"/>
  </properties>
  <testcase name="testApp" classname="functions.AppTest" time="0.016"/>
</testsuite>